<?xml version="1.0" encoding="UTF-8"?>
<coverage generated="1565495683160" clover="3.2.0">
  <project timestamp="1565495683160" name="All files">
    <metrics statements="21" coveredstatements="21" conditionals="22" coveredconditionals="22" methods="13" coveredmethods="13" elements="56" coveredelements="56" complexity="0" loc="21" ncloc="21" packages="1" files="1" classes="1"/>
    <file name="index.js" path="/Users/drakevorndran/code/6sem/JSFEW/datelib/src/index.js">
      <metrics statements="21" coveredstatements="21" conditionals="22" coveredconditionals="22" methods="13" coveredmethods="13"/>
      <line num="3" count="13" type="stmt"/>
      <line num="7" count="47" type="stmt"/>
      <line num="10" count="15" type="stmt"/>
      <line num="11" count="15" type="stmt"/>
      <line num="14" count="45" type="stmt"/>
      <line num="17" count="64" type="stmt"/>
      <line num="20" count="50" type="stmt"/>
      <line num="23" count="50" type="stmt"/>
      <line num="26" count="49" type="stmt"/>
      <line num="29" count="29" type="stmt"/>
      <line num="33" count="7" type="stmt"/>
      <line num="47" count="77" type="cond" truecount="2" falsecount="0"/>
      <line num="52" count="7" type="stmt"/>
      <line num="53" count="7" type="stmt"/>
      <line num="54" count="49" type="cond" truecount="2" falsecount="0"/>
      <line num="55" count="49" type="cond" truecount="2" falsecount="0"/>
      <line num="56" count="7" type="cond" truecount="2" falsecount="0"/>
      <line num="58" count="42" type="cond" truecount="2" falsecount="0"/>
      <line num="59" count="5" type="cond" truecount="2" falsecount="0"/>
      <line num="61" count="37" type="stmt"/>
      <line num="67" count="1" type="stmt"/>
    </file>
  </project>
</coverage>
