{"/Users/drakevorndran/code/6sem/JSFEW/datelib/src/index.js": {"path":"/Users/drakevorndran/code/6sem/JSFEW/datelib/src/index.js","statementMap":{"0":{"start":{"line":3,"column":4},"end":{"line":3,"column":33}},"1":{"start":{"line":7,"column":4},"end":{"line":7,"column":34}},"2":{"start":{"line":10,"column":19},"end":{"line":10,"column":141}},"3":{"start":{"line":11,"column":4},"end":{"line":11,"column":39}},"4":{"start":{"line":14,"column":4},"end":{"line":14,"column":31}},"5":{"start":{"line":17,"column":4},"end":{"line":17,"column":30}},"6":{"start":{"line":20,"column":4},"end":{"line":20,"column":31}},"7":{"start":{"line":23,"column":4},"end":{"line":23,"column":33}},"8":{"start":{"line":26,"column":4},"end":{"line":26,"column":33}},"9":{"start":{"line":29,"column":4},"end":{"line":29,"column":38}},"10":{"start":{"line":33,"column":18},"end":{"line":46,"column":5}},"11":{"start":{"line":47,"column":4},"end":{"line":47,"column":82}},"12":{"start":{"line":47,"column":38},"end":{"line":47,"column":72}},"13":{"start":{"line":52,"column":14},"end":{"line":52,"column":77}},"14":{"start":{"line":53,"column":4},"end":{"line":62,"column":13}},"15":{"start":{"line":54,"column":24},"end":{"line":54,"column":57}},"16":{"start":{"line":55,"column":6},"end":{"line":60,"column":7}},"17":{"start":{"line":56,"column":8},"end":{"line":56,"column":100}},"18":{"start":{"line":58,"column":11},"end":{"line":60,"column":7}},"19":{"start":{"line":59,"column":8},"end":{"line":59,"column":105}},"20":{"start":{"line":61,"column":6},"end":{"line":61,"column":16}},"21":{"start":{"line":67,"column":0},"end":{"line":67,"column":18}}},"fnMap":{"0":{"name":"(anonymous_0)","decl":{"start":{"line":2,"column":2},"end":{"line":2,"column":3}},"loc":{"start":{"line":2,"column":23},"end":{"line":4,"column":3}},"line":2},"1":{"name":"(anonymous_1)","decl":{"start":{"line":6,"column":2},"end":{"line":6,"column":3}},"loc":{"start":{"line":6,"column":13},"end":{"line":8,"column":3}},"line":6},"2":{"name":"(anonymous_2)","decl":{"start":{"line":9,"column":2},"end":{"line":9,"column":3}},"loc":{"start":{"line":9,"column":14},"end":{"line":12,"column":3}},"line":9},"3":{"name":"(anonymous_3)","decl":{"start":{"line":13,"column":2},"end":{"line":13,"column":3}},"loc":{"start":{"line":13,"column":17},"end":{"line":15,"column":3}},"line":13},"4":{"name":"(anonymous_4)","decl":{"start":{"line":16,"column":2},"end":{"line":16,"column":3}},"loc":{"start":{"line":16,"column":12},"end":{"line":18,"column":3}},"line":16},"5":{"name":"(anonymous_5)","decl":{"start":{"line":19,"column":2},"end":{"line":19,"column":3}},"loc":{"start":{"line":19,"column":13},"end":{"line":21,"column":3}},"line":19},"6":{"name":"(anonymous_6)","decl":{"start":{"line":22,"column":2},"end":{"line":22,"column":3}},"loc":{"start":{"line":22,"column":15},"end":{"line":24,"column":3}},"line":22},"7":{"name":"(anonymous_7)","decl":{"start":{"line":25,"column":2},"end":{"line":25,"column":3}},"loc":{"start":{"line":25,"column":15},"end":{"line":27,"column":3}},"line":25},"8":{"name":"(anonymous_8)","decl":{"start":{"line":28,"column":2},"end":{"line":28,"column":3}},"loc":{"start":{"line":28,"column":13},"end":{"line":30,"column":3}},"line":28},"9":{"name":"(anonymous_9)","decl":{"start":{"line":32,"column":2},"end":{"line":32,"column":3}},"loc":{"start":{"line":32,"column":23},"end":{"line":49,"column":3}},"line":32},"10":{"name":"(anonymous_10)","decl":{"start":{"line":47,"column":30},"end":{"line":47,"column":31}},"loc":{"start":{"line":47,"column":38},"end":{"line":47,"column":72}},"line":47},"11":{"name":"(anonymous_11)","decl":{"start":{"line":51,"column":2},"end":{"line":51,"column":3}},"loc":{"start":{"line":51,"column":19},"end":{"line":63,"column":3}},"line":51},"12":{"name":"(anonymous_12)","decl":{"start":{"line":53,"column":20},"end":{"line":53,"column":21}},"loc":{"start":{"line":53,"column":35},"end":{"line":62,"column":5}},"line":53}},"branchMap":{"0":{"loc":{"start":{"line":32,"column":9},"end":{"line":32,"column":21}},"type":"default-arg","locations":[{"start":{"line":32,"column":14},"end":{"line":32,"column":21}}],"line":32},"1":{"loc":{"start":{"line":38,"column":11},"end":{"line":38,"column":52}},"type":"cond-expr","locations":[{"start":{"line":38,"column":27},"end":{"line":38,"column":41}},{"start":{"line":38,"column":44},"end":{"line":38,"column":52}}],"line":38},"2":{"loc":{"start":{"line":40,"column":11},"end":{"line":40,"column":55}},"type":"cond-expr","locations":[{"start":{"line":40,"column":28},"end":{"line":40,"column":43}},{"start":{"line":40,"column":46},"end":{"line":40,"column":55}}],"line":40},"3":{"loc":{"start":{"line":42,"column":11},"end":{"line":42,"column":61}},"type":"cond-expr","locations":[{"start":{"line":42,"column":30},"end":{"line":42,"column":47}},{"start":{"line":42,"column":50},"end":{"line":42,"column":61}}],"line":42},"4":{"loc":{"start":{"line":44,"column":11},"end":{"line":44,"column":61}},"type":"cond-expr","locations":[{"start":{"line":44,"column":30},"end":{"line":44,"column":47}},{"start":{"line":44,"column":50},"end":{"line":44,"column":61}}],"line":44},"5":{"loc":{"start":{"line":47,"column":38},"end":{"line":47,"column":72}},"type":"cond-expr","locations":[{"start":{"line":47,"column":54},"end":{"line":47,"column":65}},{"start":{"line":47,"column":68},"end":{"line":47,"column":72}}],"line":47},"6":{"loc":{"start":{"line":51,"column":7},"end":{"line":51,"column":17}},"type":"default-arg","locations":[{"start":{"line":51,"column":12},"end":{"line":51,"column":17}}],"line":51},"7":{"loc":{"start":{"line":54,"column":24},"end":{"line":54,"column":57}},"type":"cond-expr","locations":[{"start":{"line":54,"column":43},"end":{"line":54,"column":50}},{"start":{"line":54,"column":53},"end":{"line":54,"column":57}}],"line":54},"8":{"loc":{"start":{"line":55,"column":6},"end":{"line":60,"column":7}},"type":"if","locations":[{"start":{"line":55,"column":6},"end":{"line":60,"column":7}},{"start":{"line":55,"column":6},"end":{"line":60,"column":7}}],"line":55},"9":{"loc":{"start":{"line":56,"column":57},"end":{"line":56,"column":94}},"type":"cond-expr","locations":[{"start":{"line":56,"column":86},"end":{"line":56,"column":88}},{"start":{"line":56,"column":91},"end":{"line":56,"column":94}}],"line":56},"10":{"loc":{"start":{"line":58,"column":11},"end":{"line":60,"column":7}},"type":"if","locations":[{"start":{"line":58,"column":11},"end":{"line":60,"column":7}},{"start":{"line":58,"column":11},"end":{"line":60,"column":7}}],"line":58},"11":{"loc":{"start":{"line":59,"column":57},"end":{"line":59,"column":94}},"type":"cond-expr","locations":[{"start":{"line":59,"column":86},"end":{"line":59,"column":88}},{"start":{"line":59,"column":91},"end":{"line":59,"column":94}}],"line":59}},"s":{"0":13,"1":47,"2":15,"3":15,"4":45,"5":64,"6":50,"7":50,"8":49,"9":29,"10":7,"11":7,"12":77,"13":7,"14":7,"15":49,"16":49,"17":7,"18":42,"19":5,"20":37,"21":1},"f":{"0":13,"1":47,"2":15,"3":45,"4":64,"5":50,"6":50,"7":49,"8":29,"9":7,"10":77,"11":7,"12":49},"b":{"0":[1],"1":[6,1],"2":[6,1],"3":[6,1],"4":[6,1],"5":[42,35],"6":[1],"7":[7,42],"8":[7,42],"9":[1,6],"10":[5,37],"11":[1,4]},"_coverageSchema":"43e27e138ebf9cfc5966b082cf9a028302ed4184","hash":"33a31f9ed950c21c366ce1c99b69c0b518085648"}
}
