TN:
SF:/Users/drakevorndran/code/6sem/JSFEW/datelib/src/index.js
FN:2,(anonymous_0)
FN:6,(anonymous_1)
FN:9,(anonymous_2)
FN:13,(anonymous_3)
FN:16,(anonymous_4)
FN:19,(anonymous_5)
FN:22,(anonymous_6)
FN:25,(anonymous_7)
FN:28,(anonymous_8)
FN:32,(anonymous_9)
FN:47,(anonymous_10)
FN:51,(anonymous_11)
FN:53,(anonymous_12)
FNF:13
FNH:13
FNDA:13,(anonymous_0)
FNDA:47,(anonymous_1)
FNDA:15,(anonymous_2)
FNDA:45,(anonymous_3)
FNDA:64,(anonymous_4)
FNDA:50,(anonymous_5)
FNDA:50,(anonymous_6)
FNDA:49,(anonymous_7)
FNDA:29,(anonymous_8)
FNDA:7,(anonymous_9)
FNDA:77,(anonymous_10)
FNDA:7,(anonymous_11)
FNDA:49,(anonymous_12)
DA:3,13
DA:7,47
DA:10,15
DA:11,15
DA:14,45
DA:17,64
DA:20,50
DA:23,50
DA:26,49
DA:29,29
DA:33,7
DA:47,77
DA:52,7
DA:53,7
DA:54,49
DA:55,49
DA:56,7
DA:58,42
DA:59,5
DA:61,37
DA:67,1
LF:21
LH:21
BRDA:32,0,0,1
BRDA:38,1,0,6
BRDA:38,1,1,1
BRDA:40,2,0,6
BRDA:40,2,1,1
BRDA:42,3,0,6
BRDA:42,3,1,1
BRDA:44,4,0,6
BRDA:44,4,1,1
BRDA:47,5,0,42
BRDA:47,5,1,35
BRDA:51,6,0,1
BRDA:54,7,0,7
BRDA:54,7,1,42
BRDA:55,8,0,7
BRDA:55,8,1,42
BRDA:56,9,0,1
BRDA:56,9,1,6
BRDA:58,10,0,5
BRDA:58,10,1,37
BRDA:59,11,0,1
BRDA:59,11,1,4
BRF:22
BRH:22
end_of_record
